Arguments: 
  /home/ndex/.nvm/versions/node/v12.18.3/bin/node /home/ndex/.yarn/bin/yarn.js

PATH: 
  /home/ndex/.yarn/bin:/home/ndex/.config/yarn/global/node_modules/.bin:/opt/gradle-5.3/bin:/home/ndex/.nvm/versions/node/v12.18.3/bin:/home/ndex/.local/bin:/usr/local/sbin:/usr/local/bin:/usr/sbin:/usr/bin:/sbin:/bin:/usr/games:/usr/local/games:/snap/bin:/home/ndex/.rvm/bin:/home/ndex/.rvm/bin:/home/ndex/.rvm/bin:/home/ndex/.rvm/bin:/home/ndex/android/Sdk/platform-tools:/home/ndex/android/Sdk/tools:/home/ndex/android/Sdk/tools/bin:/usr/local/go/bin:/usr/local/go/bin:/usr/local/go/bin

Yarn version: 
  1.22.5

Node version: 
  12.18.3

Platform: 
  linux x64

Trace: 
  SyntaxError: /mnt/backup/@PROJECT/@DEFI/@BSC/@kiwiswap/@kiwi-utils/kiwiswap-periphery/package.json: Unexpected token } in JSON at position 486
      at JSON.parse (<anonymous>)
      at /home/ndex/.yarn/lib/cli.js:1625:59
      at Generator.next (<anonymous>)
      at step (/home/ndex/.yarn/lib/cli.js:310:30)
      at /home/ndex/.yarn/lib/cli.js:321:13

npm manifest: 
  {
    "name": "@kiwiswap/kiwiswap-periphery",
    "version": "1.1.1",
    "description": "🎚 Peripheral smart contracts for interacting with kiwiswap",
    "engines": {
      "node": ">=10"
    },
    "homepage": "https://kiwiswap.finance",
    "repository": {
      "type": "git",
      "url": "https://github.com/kiwifinance/kiwiswap-periphery.git"
    },
    "files": [
      "build",
      "contracts"
    ],
    "dependencies": {
      "@kiwiswap/kiwiswap-core": "0.1.1",
      "@kiwiswap/kiwiswap-lib": "0.1.2",
      },
    "devDependencies": {
      "@types/chai": "^4.2.6",
      "@types/mocha": "^5.2.7",
      "chai": "^4.2.0",
      "ethereum-waffle": "^2.4.1",
      "ethereumjs-util": "^6.2.0",
      "mocha": "^6.2.2",
      "ncp": "^2.0.0",
      "prettier": "^1.19.1",
      "rimraf": "^3.0.0",
      "solc": "0.6.6",
      "ts-node": "^8.5.4",
      "typescript": "^3.7.3"
    },
    "scripts": {
      "lint": "yarn prettier ./test/*.ts --check",
      "lint:fix": "yarn prettier ./test/*.ts --write",
      "clean": "rimraf ./build/",
      "copy-v1-artifacts": "ncp ./buildV1 ./build",
      "precompile": "yarn clean",
      "compile": "waffle",
      "postcompile": "yarn copy-v1-artifacts",
      "pack": "npm pack",
      "pretest": "yarn compile",
      "test": "mocha",
      "prepublishOnly": "yarn test"
    },
    "license": "GPL-3.0-or-later"
  }

yarn manifest: 
  No manifest

Lockfile: 
  No lockfile
